Determining if the pthread_create exist failed with the following output:
Change Dir: /home/lbrown62/scrimmage/scrimmage/cmake-build-debug/CMakeFiles/CMakeTmp

Run Build Command:"/usr/bin/make" "cmTC_c51b6/fast"
/usr/bin/make -f CMakeFiles/cmTC_c51b6.dir/build.make CMakeFiles/cmTC_c51b6.dir/build
make[1]: Entering directory '/home/lbrown62/scrimmage/scrimmage/cmake-build-debug/CMakeFiles/CMakeTmp'
Building C object CMakeFiles/cmTC_c51b6.dir/CheckSymbolExists.c.o
/usr/bin/cc    -o CMakeFiles/cmTC_c51b6.dir/CheckSymbolExists.c.o   -c /home/lbrown62/scrimmage/scrimmage/cmake-build-debug/CMakeFiles/CMakeTmp/CheckSymbolExists.c
Linking C executable cmTC_c51b6
/home/lbrown62/devspace/clion-2017.3.4/bin/cmake/bin/cmake -E cmake_link_script CMakeFiles/cmTC_c51b6.dir/link.txt --verbose=1
/usr/bin/cc      CMakeFiles/cmTC_c51b6.dir/CheckSymbolExists.c.o  -o cmTC_c51b6 
CMakeFiles/cmTC_c51b6.dir/CheckSymbolExists.c.o: In function `main':
CheckSymbolExists.c:(.text+0x16): undefined reference to `pthread_create'
collect2: error: ld returned 1 exit status
CMakeFiles/cmTC_c51b6.dir/build.make:97: recipe for target 'cmTC_c51b6' failed
make[1]: *** [cmTC_c51b6] Error 1
make[1]: Leaving directory '/home/lbrown62/scrimmage/scrimmage/cmake-build-debug/CMakeFiles/CMakeTmp'
Makefile:126: recipe for target 'cmTC_c51b6/fast' failed
make: *** [cmTC_c51b6/fast] Error 2

File /home/lbrown62/scrimmage/scrimmage/cmake-build-debug/CMakeFiles/CMakeTmp/CheckSymbolExists.c:
/* */
#include <pthread.h>

int main(int argc, char** argv)
{
  (void)argv;
#ifndef pthread_create
  return ((int*)(&pthread_create))[argc];
#else
  (void)argc;
  return 0;
#endif
}

Determining if the function pthread_create exists in the pthreads failed with the following output:
Change Dir: /home/lbrown62/scrimmage/scrimmage/cmake-build-debug/CMakeFiles/CMakeTmp

Run Build Command:"/usr/bin/make" "cmTC_70ed2/fast"
/usr/bin/make -f CMakeFiles/cmTC_70ed2.dir/build.make CMakeFiles/cmTC_70ed2.dir/build
make[1]: Entering directory '/home/lbrown62/scrimmage/scrimmage/cmake-build-debug/CMakeFiles/CMakeTmp'
Building C object CMakeFiles/cmTC_70ed2.dir/CheckFunctionExists.c.o
/usr/bin/cc   -DCHECK_FUNCTION_EXISTS=pthread_create   -o CMakeFiles/cmTC_70ed2.dir/CheckFunctionExists.c.o   -c /home/lbrown62/devspace/clion-2017.3.4/bin/cmake/share/cmake-3.9/Modules/CheckFunctionExists.c
Linking C executable cmTC_70ed2
/home/lbrown62/devspace/clion-2017.3.4/bin/cmake/bin/cmake -E cmake_link_script CMakeFiles/cmTC_70ed2.dir/link.txt --verbose=1
/usr/bin/cc  -DCHECK_FUNCTION_EXISTS=pthread_create    CMakeFiles/cmTC_70ed2.dir/CheckFunctionExists.c.o  -o cmTC_70ed2 -lpthreads 
/usr/bin/ld: cannot find -lpthreads
collect2: error: ld returned 1 exit status
CMakeFiles/cmTC_70ed2.dir/build.make:97: recipe for target 'cmTC_70ed2' failed
make[1]: *** [cmTC_70ed2] Error 1
make[1]: Leaving directory '/home/lbrown62/scrimmage/scrimmage/cmake-build-debug/CMakeFiles/CMakeTmp'
Makefile:126: recipe for target 'cmTC_70ed2/fast' failed
make: *** [cmTC_70ed2/fast] Error 2


